  GltfLoader.cpp
C:\Users\visualnnz\Desktop\Projects\3D_Interior_Design_Simulation\3d-interior-design-simulation\src\GltfLoader.cpp(523,33): warning C4267: '인수': 'size_t'에서 '_Ty'(으)로 변환하면서 데이터가 손실될 수 있습니다.
C:\Users\visualnnz\Desktop\Projects\3D_Interior_Design_Simulation\3d-interior-design-simulation\src\GltfLoader.cpp(523,33): warning C4267:         with
C:\Users\visualnnz\Desktop\Projects\3D_Interior_Design_Simulation\3d-interior-design-simulation\src\GltfLoader.cpp(523,33): warning C4267:         [
C:\Users\visualnnz\Desktop\Projects\3D_Interior_Design_Simulation\3d-interior-design-simulation\src\GltfLoader.cpp(523,33): warning C4267:             _Ty=int
C:\Users\visualnnz\Desktop\Projects\3D_Interior_Design_Simulation\3d-interior-design-simulation\src\GltfLoader.cpp(523,33): warning C4267:         ]
C:\Users\visualnnz\Desktop\Projects\3D_Interior_Design_Simulation\3d-interior-design-simulation\src\GltfLoader.cpp(737,32): warning C4267: '초기화 중': 'size_t'에서 'int'(으)로 변환하면서 데이터가 손실될 수 있습니다.
C:\Users\visualnnz\Desktop\Projects\3D_Interior_Design_Simulation\3d-interior-design-simulation\src\GltfLoader.cpp(770,33): warning C4267: '초기화 중': 'size_t'에서 'int'(으)로 변환하면서 데이터가 손실될 수 있습니다.
C:\Users\visualnnz\Desktop\Projects\3D_Interior_Design_Simulation\3d-interior-design-simulation\src\GltfLoader.cpp(1509,63): warning C4267: '인수': 'size_t'에서 'int'(으)로 변환하면서 데이터가 손실될 수 있습니다.
  ModelManager.cpp
C:\Users\visualnnz\Desktop\Projects\3D_Interior_Design_Simulation\3d-interior-design-simulation\src\InteriorStateManager.h(1,1): warning C4828: 파일에 0x12c 오프셋에서 시작하는 문자가 포함되어 있습니다. 이 문자는 현재 원본 문자 집합에서 잘못된 문자입니다(코드 페이지 65001).
  (소스 파일 'src/ModelManager.cpp'을(를) 컴파일하는 중)
  
C:\Users\visualnnz\Desktop\Projects\3D_Interior_Design_Simulation\3d-interior-design-simulation\src\InteriorStateManager.h(1,1): warning C4828: 파일에 0x12e 오프셋에서 시작하는 문자가 포함되어 있습니다. 이 문자는 현재 원본 문자 집합에서 잘못된 문자입니다(코드 페이지 65001).
  (소스 파일 'src/ModelManager.cpp'을(를) 컴파일하는 중)
  
C:\Users\visualnnz\Desktop\Projects\3D_Interior_Design_Simulation\3d-interior-design-simulation\src\InteriorStateManager.h(1,1): warning C4828: 파일에 0x12f 오프셋에서 시작하는 문자가 포함되어 있습니다. 이 문자는 현재 원본 문자 집합에서 잘못된 문자입니다(코드 페이지 65001).
  (소스 파일 'src/ModelManager.cpp'을(를) 컴파일하는 중)
  
C:\Users\visualnnz\Desktop\Projects\3D_Interior_Design_Simulation\3d-interior-design-simulation\src\InteriorStateManager.h(1,1): warning C4828: 파일에 0x132 오프셋에서 시작하는 문자가 포함되어 있습니다. 이 문자는 현재 원본 문자 집합에서 잘못된 문자입니다(코드 페이지 65001).
  (소스 파일 'src/ModelManager.cpp'을(를) 컴파일하는 중)
  
C:\Users\visualnnz\Desktop\Projects\3D_Interior_Design_Simulation\3d-interior-design-simulation\src\InteriorStateManager.h(1,1): warning C4828: 파일에 0x136 오프셋에서 시작하는 문자가 포함되어 있습니다. 이 문자는 현재 원본 문자 집합에서 잘못된 문자입니다(코드 페이지 65001).
  (소스 파일 'src/ModelManager.cpp'을(를) 컴파일하는 중)
  
C:\Users\visualnnz\Desktop\Projects\3D_Interior_Design_Simulation\3d-interior-design-simulation\src\InteriorStateManager.h(1,1): warning C4828: 파일에 0x138 오프셋에서 시작하는 문자가 포함되어 있습니다. 이 문자는 현재 원본 문자 집합에서 잘못된 문자입니다(코드 페이지 65001).
  (소스 파일 'src/ModelManager.cpp'을(를) 컴파일하는 중)
  
C:\Users\visualnnz\Desktop\Projects\3D_Interior_Design_Simulation\3d-interior-design-simulation\src\InteriorStateManager.h(1,1): warning C4828: 파일에 0x13a 오프셋에서 시작하는 문자가 포함되어 있습니다. 이 문자는 현재 원본 문자 집합에서 잘못된 문자입니다(코드 페이지 65001).
  (소스 파일 'src/ModelManager.cpp'을(를) 컴파일하는 중)
  
C:\Users\visualnnz\Desktop\Projects\3D_Interior_Design_Simulation\3d-interior-design-simulation\src\InteriorStateManager.h(1,1): warning C4828: 파일에 0x13d 오프셋에서 시작하는 문자가 포함되어 있습니다. 이 문자는 현재 원본 문자 집합에서 잘못된 문자입니다(코드 페이지 65001).
  (소스 파일 'src/ModelManager.cpp'을(를) 컴파일하는 중)
  
C:\Users\visualnnz\Desktop\Projects\3D_Interior_Design_Simulation\3d-interior-design-simulation\src\InteriorStateManager.h(1,1): warning C4828: 파일에 0x13f 오프셋에서 시작하는 문자가 포함되어 있습니다. 이 문자는 현재 원본 문자 집합에서 잘못된 문자입니다(코드 페이지 65001).
  (소스 파일 'src/ModelManager.cpp'을(를) 컴파일하는 중)
  
C:\Users\visualnnz\Desktop\Projects\3D_Interior_Design_Simulation\3d-interior-design-simulation\src\InteriorStateManager.h(1,1): warning C4828: 파일에 0x140 오프셋에서 시작하는 문자가 포함되어 있습니다. 이 문자는 현재 원본 문자 집합에서 잘못된 문자입니다(코드 페이지 65001).
  (소스 파일 'src/ModelManager.cpp'을(를) 컴파일하는 중)
  
C:\Users\visualnnz\Desktop\Projects\3D_Interior_Design_Simulation\3d-interior-design-simulation\src\InteriorStateManager.h(1,1): warning C4828: 파일에 0x141 오프셋에서 시작하는 문자가 포함되어 있습니다. 이 문자는 현재 원본 문자 집합에서 잘못된 문자입니다(코드 페이지 65001).
  (소스 파일 'src/ModelManager.cpp'을(를) 컴파일하는 중)
  
C:\Users\visualnnz\Desktop\Projects\3D_Interior_Design_Simulation\3d-interior-design-simulation\src\InteriorStateManager.h(1,1): warning C4828: 파일에 0x142 오프셋에서 시작하는 문자가 포함되어 있습니다. 이 문자는 현재 원본 문자 집합에서 잘못된 문자입니다(코드 페이지 65001).
  (소스 파일 'src/ModelManager.cpp'을(를) 컴파일하는 중)
  
C:\Users\visualnnz\Desktop\Projects\3D_Interior_Design_Simulation\3d-interior-design-simulation\src\InteriorStateManager.h(1,1): warning C4828: 파일에 0x29b 오프셋에서 시작하는 문자가 포함되어 있습니다. 이 문자는 현재 원본 문자 집합에서 잘못된 문자입니다(코드 페이지 65001).
  (소스 파일 'src/ModelManager.cpp'을(를) 컴파일하는 중)
  
C:\Users\visualnnz\Desktop\Projects\3D_Interior_Design_Simulation\3d-interior-design-simulation\src\InteriorStateManager.h(1,1): warning C4828: 파일에 0x29d 오프셋에서 시작하는 문자가 포함되어 있습니다. 이 문자는 현재 원본 문자 집합에서 잘못된 문자입니다(코드 페이지 65001).
  (소스 파일 'src/ModelManager.cpp'을(를) 컴파일하는 중)
  
C:\Users\visualnnz\Desktop\Projects\3D_Interior_Design_Simulation\3d-interior-design-simulation\src\InteriorStateManager.h(1,1): warning C4828: 파일에 0x2a0 오프셋에서 시작하는 문자가 포함되어 있습니다. 이 문자는 현재 원본 문자 집합에서 잘못된 문자입니다(코드 페이지 65001).
  (소스 파일 'src/ModelManager.cpp'을(를) 컴파일하는 중)
  
C:\Users\visualnnz\Desktop\Projects\3D_Interior_Design_Simulation\3d-interior-design-simulation\src\InteriorStateManager.h(1,1): warning C4828: 파일에 0x2a1 오프셋에서 시작하는 문자가 포함되어 있습니다. 이 문자는 현재 원본 문자 집합에서 잘못된 문자입니다(코드 페이지 65001).
  (소스 파일 'src/ModelManager.cpp'을(를) 컴파일하는 중)
  
C:\Users\visualnnz\Desktop\Projects\3D_Interior_Design_Simulation\3d-interior-design-simulation\src\InteriorStateManager.h(1,1): warning C4828: 파일에 0x2a2 오프셋에서 시작하는 문자가 포함되어 있습니다. 이 문자는 현재 원본 문자 집합에서 잘못된 문자입니다(코드 페이지 65001).
  (소스 파일 'src/ModelManager.cpp'을(를) 컴파일하는 중)
  
C:\Users\visualnnz\Desktop\Projects\3D_Interior_Design_Simulation\3d-interior-design-simulation\src\InteriorStateManager.h(1,1): warning C4828: 파일에 0x2a4 오프셋에서 시작하는 문자가 포함되어 있습니다. 이 문자는 현재 원본 문자 집합에서 잘못된 문자입니다(코드 페이지 65001).
  (소스 파일 'src/ModelManager.cpp'을(를) 컴파일하는 중)
  
C:\Users\visualnnz\Desktop\Projects\3D_Interior_Design_Simulation\3d-interior-design-simulation\src\InteriorStateManager.h(1,1): warning C4828: 파일에 0x2a5 오프셋에서 시작하는 문자가 포함되어 있습니다. 이 문자는 현재 원본 문자 집합에서 잘못된 문자입니다(코드 페이지 65001).
  (소스 파일 'src/ModelManager.cpp'을(를) 컴파일하는 중)
  
C:\Users\visualnnz\Desktop\Projects\3D_Interior_Design_Simulation\3d-interior-design-simulation\src\InteriorStateManager.h(1,1): warning C4828: 파일에 0x2a9 오프셋에서 시작하는 문자가 포함되어 있습니다. 이 문자는 현재 원본 문자 집합에서 잘못된 문자입니다(코드 페이지 65001).
  (소스 파일 'src/ModelManager.cpp'을(를) 컴파일하는 중)
  
C:\Users\visualnnz\Desktop\Projects\3D_Interior_Design_Simulation\3d-interior-design-simulation\src\InteriorStateManager.h(1,1): warning C4828: 파일에 0x2ab 오프셋에서 시작하는 문자가 포함되어 있습니다. 이 문자는 현재 원본 문자 집합에서 잘못된 문자입니다(코드 페이지 65001).
  (소스 파일 'src/ModelManager.cpp'을(를) 컴파일하는 중)
  
C:\Users\visualnnz\Desktop\Projects\3D_Interior_Design_Simulation\3d-interior-design-simulation\src\InteriorStateManager.h(1,1): warning C4828: 파일에 0x2ae 오프셋에서 시작하는 문자가 포함되어 있습니다. 이 문자는 현재 원본 문자 집합에서 잘못된 문자입니다(코드 페이지 65001).
  (소스 파일 'src/ModelManager.cpp'을(를) 컴파일하는 중)
  
C:\Users\visualnnz\Desktop\Projects\3D_Interior_Design_Simulation\3d-interior-design-simulation\src\InteriorStateManager.h(1,1): warning C4828: 파일에 0x404 오프셋에서 시작하는 문자가 포함되어 있습니다. 이 문자는 현재 원본 문자 집합에서 잘못된 문자입니다(코드 페이지 65001).
  (소스 파일 'src/ModelManager.cpp'을(를) 컴파일하는 중)
  
C:\Users\visualnnz\Desktop\Projects\3D_Interior_Design_Simulation\3d-interior-design-simulation\src\InteriorStateManager.h(1,1): warning C4828: 파일에 0x406 오프셋에서 시작하는 문자가 포함되어 있습니다. 이 문자는 현재 원본 문자 집합에서 잘못된 문자입니다(코드 페이지 65001).
  (소스 파일 'src/ModelManager.cpp'을(를) 컴파일하는 중)
  
C:\Users\visualnnz\Desktop\Projects\3D_Interior_Design_Simulation\3d-interior-design-simulation\src\InteriorStateManager.h(1,1): warning C4828: 파일에 0x407 오프셋에서 시작하는 문자가 포함되어 있습니다. 이 문자는 현재 원본 문자 집합에서 잘못된 문자입니다(코드 페이지 65001).
  (소스 파일 'src/ModelManager.cpp'을(를) 컴파일하는 중)
  
C:\Users\visualnnz\Desktop\Projects\3D_Interior_Design_Simulation\3d-interior-design-simulation\src\InteriorStateManager.h(1,1): warning C4828: 파일에 0x40a 오프셋에서 시작하는 문자가 포함되어 있습니다. 이 문자는 현재 원본 문자 집합에서 잘못된 문자입니다(코드 페이지 65001).
  (소스 파일 'src/ModelManager.cpp'을(를) 컴파일하는 중)
  
C:\Users\visualnnz\Desktop\Projects\3D_Interior_Design_Simulation\3d-interior-design-simulation\src\InteriorStateManager.h(1,1): warning C4828: 파일에 0x40e 오프셋에서 시작하는 문자가 포함되어 있습니다. 이 문자는 현재 원본 문자 집합에서 잘못된 문자입니다(코드 페이지 65001).
  (소스 파일 'src/ModelManager.cpp'을(를) 컴파일하는 중)
  
C:\Users\visualnnz\Desktop\Projects\3D_Interior_Design_Simulation\3d-interior-design-simulation\src\InteriorStateManager.h(1,1): warning C4828: 파일에 0x410 오프셋에서 시작하는 문자가 포함되어 있습니다. 이 문자는 현재 원본 문자 집합에서 잘못된 문자입니다(코드 페이지 65001).
  (소스 파일 'src/ModelManager.cpp'을(를) 컴파일하는 중)
  
C:\Users\visualnnz\Desktop\Projects\3D_Interior_Design_Simulation\3d-interior-design-simulation\src\InteriorStateManager.h(1,1): warning C4828: 파일에 0x411 오프셋에서 시작하는 문자가 포함되어 있습니다. 이 문자는 현재 원본 문자 집합에서 잘못된 문자입니다(코드 페이지 65001).
  (소스 파일 'src/ModelManager.cpp'을(를) 컴파일하는 중)
  
C:\Users\visualnnz\Desktop\Projects\3D_Interior_Design_Simulation\3d-interior-design-simulation\src\InteriorStateManager.h(1,1): warning C4828: 파일에 0x412 오프셋에서 시작하는 문자가 포함되어 있습니다. 이 문자는 현재 원본 문자 집합에서 잘못된 문자입니다(코드 페이지 65001).
  (소스 파일 'src/ModelManager.cpp'을(를) 컴파일하는 중)
  
C:\Users\visualnnz\Desktop\Projects\3D_Interior_Design_Simulation\3d-interior-design-simulation\src\InteriorStateManager.h(1,1): warning C4828: 파일에 0x413 오프셋에서 시작하는 문자가 포함되어 있습니다. 이 문자는 현재 원본 문자 집합에서 잘못된 문자입니다(코드 페이지 65001).
  (소스 파일 'src/ModelManager.cpp'을(를) 컴파일하는 중)
  
C:\Users\visualnnz\Desktop\Projects\3D_Interior_Design_Simulation\3d-interior-design-simulation\src\InteriorStateManager.h(1,1): warning C4828: 파일에 0x416 오프셋에서 시작하는 문자가 포함되어 있습니다. 이 문자는 현재 원본 문자 집합에서 잘못된 문자입니다(코드 페이지 65001).
  (소스 파일 'src/ModelManager.cpp'을(를) 컴파일하는 중)
  
C:\Users\visualnnz\Desktop\Projects\3D_Interior_Design_Simulation\3d-interior-design-simulation\src\InteriorStateManager.h(1,1): warning C4828: 파일에 0x417 오프셋에서 시작하는 문자가 포함되어 있습니다. 이 문자는 현재 원본 문자 집합에서 잘못된 문자입니다(코드 페이지 65001).
  (소스 파일 'src/ModelManager.cpp'을(를) 컴파일하는 중)
  
C:\Users\visualnnz\Desktop\Projects\3D_Interior_Design_Simulation\3d-interior-design-simulation\src\InteriorStateManager.h(1,1): warning C4828: 파일에 0x419 오프셋에서 시작하는 문자가 포함되어 있습니다. 이 문자는 현재 원본 문자 집합에서 잘못된 문자입니다(코드 페이지 65001).
  (소스 파일 'src/ModelManager.cpp'을(를) 컴파일하는 중)
  
C:\Users\visualnnz\Desktop\Projects\3D_Interior_Design_Simulation\3d-interior-design-simulation\src\InteriorStateManager.h(1,1): warning C4828: 파일에 0x41a 오프셋에서 시작하는 문자가 포함되어 있습니다. 이 문자는 현재 원본 문자 집합에서 잘못된 문자입니다(코드 페이지 65001).
  (소스 파일 'src/ModelManager.cpp'을(를) 컴파일하는 중)
  
C:\Users\visualnnz\Desktop\Projects\3D_Interior_Design_Simulation\3d-interior-design-simulation\src\InteriorStateManager.h(1,1): warning C4828: 파일에 0x4f3 오프셋에서 시작하는 문자가 포함되어 있습니다. 이 문자는 현재 원본 문자 집합에서 잘못된 문자입니다(코드 페이지 65001).
  (소스 파일 'src/ModelManager.cpp'을(를) 컴파일하는 중)
  
C:\Users\visualnnz\Desktop\Projects\3D_Interior_Design_Simulation\3d-interior-design-simulation\src\InteriorStateManager.h(1,1): warning C4828: 파일에 0x4f4 오프셋에서 시작하는 문자가 포함되어 있습니다. 이 문자는 현재 원본 문자 집합에서 잘못된 문자입니다(코드 페이지 65001).
  (소스 파일 'src/ModelManager.cpp'을(를) 컴파일하는 중)
  
C:\Users\visualnnz\Desktop\Projects\3D_Interior_Design_Simulation\3d-interior-design-simulation\src\InteriorStateManager.h(1,1): warning C4828: 파일에 0x4f5 오프셋에서 시작하는 문자가 포함되어 있습니다. 이 문자는 현재 원본 문자 집합에서 잘못된 문자입니다(코드 페이지 65001).
  (소스 파일 'src/ModelManager.cpp'을(를) 컴파일하는 중)
  
C:\Users\visualnnz\Desktop\Projects\3D_Interior_Design_Simulation\3d-interior-design-simulation\src\InteriorStateManager.h(1,1): warning C4828: 파일에 0x4f6 오프셋에서 시작하는 문자가 포함되어 있습니다. 이 문자는 현재 원본 문자 집합에서 잘못된 문자입니다(코드 페이지 65001).
  (소스 파일 'src/ModelManager.cpp'을(를) 컴파일하는 중)
  
C:\Users\visualnnz\Desktop\Projects\3D_Interior_Design_Simulation\3d-interior-design-simulation\src\InteriorStateManager.h(1,1): warning C4828: 파일에 0x4f9 오프셋에서 시작하는 문자가 포함되어 있습니다. 이 문자는 현재 원본 문자 집합에서 잘못된 문자입니다(코드 페이지 65001).
  (소스 파일 'src/ModelManager.cpp'을(를) 컴파일하는 중)
  
C:\Users\visualnnz\Desktop\Projects\3D_Interior_Design_Simulation\3d-interior-design-simulation\src\InteriorStateManager.h(1,1): warning C4828: 파일에 0x4fa 오프셋에서 시작하는 문자가 포함되어 있습니다. 이 문자는 현재 원본 문자 집합에서 잘못된 문자입니다(코드 페이지 65001).
  (소스 파일 'src/ModelManager.cpp'을(를) 컴파일하는 중)
  
C:\Users\visualnnz\Desktop\Projects\3D_Interior_Design_Simulation\3d-interior-design-simulation\src\InteriorStateManager.h(1,1): warning C4828: 파일에 0x4fb 오프셋에서 시작하는 문자가 포함되어 있습니다. 이 문자는 현재 원본 문자 집합에서 잘못된 문자입니다(코드 페이지 65001).
  (소스 파일 'src/ModelManager.cpp'을(를) 컴파일하는 중)
  
C:\Users\visualnnz\Desktop\Projects\3D_Interior_Design_Simulation\3d-interior-design-simulation\src\InteriorStateManager.h(1,1): warning C4828: 파일에 0x4fc 오프셋에서 시작하는 문자가 포함되어 있습니다. 이 문자는 현재 원본 문자 집합에서 잘못된 문자입니다(코드 페이지 65001).
  (소스 파일 'src/ModelManager.cpp'을(를) 컴파일하는 중)
  
C:\Users\visualnnz\Desktop\Projects\3D_Interior_Design_Simulation\3d-interior-design-simulation\src\InteriorStateManager.h(1,1): warning C4828: 파일에 0x4fe 오프셋에서 시작하는 문자가 포함되어 있습니다. 이 문자는 현재 원본 문자 집합에서 잘못된 문자입니다(코드 페이지 65001).
  (소스 파일 'src/ModelManager.cpp'을(를) 컴파일하는 중)
  
C:\Users\visualnnz\Desktop\Projects\3D_Interior_Design_Simulation\3d-interior-design-simulation\src\InteriorStateManager.h(1,1): warning C4828: 파일에 0x4ff 오프셋에서 시작하는 문자가 포함되어 있습니다. 이 문자는 현재 원본 문자 집합에서 잘못된 문자입니다(코드 페이지 65001).
  (소스 파일 'src/ModelManager.cpp'을(를) 컴파일하는 중)
  
C:\Users\visualnnz\Desktop\Projects\3D_Interior_Design_Simulation\3d-interior-design-simulation\src\InteriorStateManager.h(1,1): warning C4828: 파일에 0x503 오프셋에서 시작하는 문자가 포함되어 있습니다. 이 문자는 현재 원본 문자 집합에서 잘못된 문자입니다(코드 페이지 65001).
  (소스 파일 'src/ModelManager.cpp'을(를) 컴파일하는 중)
  
C:\Users\visualnnz\Desktop\Projects\3D_Interior_Design_Simulation\3d-interior-design-simulation\src\InteriorStateManager.h(1,1): warning C4828: 파일에 0x505 오프셋에서 시작하는 문자가 포함되어 있습니다. 이 문자는 현재 원본 문자 집합에서 잘못된 문자입니다(코드 페이지 65001).
  (소스 파일 'src/ModelManager.cpp'을(를) 컴파일하는 중)
  
C:\Users\visualnnz\Desktop\Projects\3D_Interior_Design_Simulation\3d-interior-design-simulation\src\InteriorStateManager.h(1,1): warning C4828: 파일에 0x506 오프셋에서 시작하는 문자가 포함되어 있습니다. 이 문자는 현재 원본 문자 집합에서 잘못된 문자입니다(코드 페이지 65001).
  (소스 파일 'src/ModelManager.cpp'을(를) 컴파일하는 중)
  
C:\Users\visualnnz\Desktop\Projects\3D_Interior_Design_Simulation\3d-interior-design-simulation\src\InteriorStateManager.h(1,1): warning C4828: 파일에 0x507 오프셋에서 시작하는 문자가 포함되어 있습니다. 이 문자는 현재 원본 문자 집합에서 잘못된 문자입니다(코드 페이지 65001).
  (소스 파일 'src/ModelManager.cpp'을(를) 컴파일하는 중)
  
C:\Users\visualnnz\Desktop\Projects\3D_Interior_Design_Simulation\3d-interior-design-simulation\src\InteriorStateManager.h(1,1): warning C4828: 파일에 0x508 오프셋에서 시작하는 문자가 포함되어 있습니다. 이 문자는 현재 원본 문자 집합에서 잘못된 문자입니다(코드 페이지 65001).
  (소스 파일 'src/ModelManager.cpp'을(를) 컴파일하는 중)
  
C:\Users\visualnnz\Desktop\Projects\3D_Interior_Design_Simulation\3d-interior-design-simulation\src\InteriorStateManager.h(1,1): warning C4828: 파일에 0x64f 오프셋에서 시작하는 문자가 포함되어 있습니다. 이 문자는 현재 원본 문자 집합에서 잘못된 문자입니다(코드 페이지 65001).
  (소스 파일 'src/ModelManager.cpp'을(를) 컴파일하는 중)
  
C:\Users\visualnnz\Desktop\Projects\3D_Interior_Design_Simulation\3d-interior-design-simulation\src\InteriorStateManager.h(1,1): warning C4828: 파일에 0x651 오프셋에서 시작하는 문자가 포함되어 있습니다. 이 문자는 현재 원본 문자 집합에서 잘못된 문자입니다(코드 페이지 65001).
  (소스 파일 'src/ModelManager.cpp'을(를) 컴파일하는 중)
  
C:\Users\visualnnz\Desktop\Projects\3D_Interior_Design_Simulation\3d-interior-design-simulation\src\InteriorStateManager.h(1,1): warning C4828: 파일에 0x652 오프셋에서 시작하는 문자가 포함되어 있습니다. 이 문자는 현재 원본 문자 집합에서 잘못된 문자입니다(코드 페이지 65001).
  (소스 파일 'src/ModelManager.cpp'을(를) 컴파일하는 중)
  
C:\Users\visualnnz\Desktop\Projects\3D_Interior_Design_Simulation\3d-interior-design-simulation\src\InteriorStateManager.h(1,1): warning C4828: 파일에 0x654 오프셋에서 시작하는 문자가 포함되어 있습니다. 이 문자는 현재 원본 문자 집합에서 잘못된 문자입니다(코드 페이지 65001).
  (소스 파일 'src/ModelManager.cpp'을(를) 컴파일하는 중)
  
C:\Users\visualnnz\Desktop\Projects\3D_Interior_Design_Simulation\3d-interior-design-simulation\src\InteriorStateManager.h(1,1): warning C4828: 파일에 0x655 오프셋에서 시작하는 문자가 포함되어 있습니다. 이 문자는 현재 원본 문자 집합에서 잘못된 문자입니다(코드 페이지 65001).
  (소스 파일 'src/ModelManager.cpp'을(를) 컴파일하는 중)
  
C:\Users\visualnnz\Desktop\Projects\3D_Interior_Design_Simulation\3d-interior-design-simulation\src\InteriorStateManager.h(1,1): warning C4828: 파일에 0x656 오프셋에서 시작하는 문자가 포함되어 있습니다. 이 문자는 현재 원본 문자 집합에서 잘못된 문자입니다(코드 페이지 65001).
  (소스 파일 'src/ModelManager.cpp'을(를) 컴파일하는 중)
  
C:\Users\visualnnz\Desktop\Projects\3D_Interior_Design_Simulation\3d-interior-design-simulation\src\InteriorStateManager.h(1,1): warning C4828: 파일에 0x657 오프셋에서 시작하는 문자가 포함되어 있습니다. 이 문자는 현재 원본 문자 집합에서 잘못된 문자입니다(코드 페이지 65001).
  (소스 파일 'src/ModelManager.cpp'을(를) 컴파일하는 중)
  
C:\Users\visualnnz\Desktop\Projects\3D_Interior_Design_Simulation\3d-interior-design-simulation\src\InteriorStateManager.h(1,1): warning C4828: 파일에 0x65b 오프셋에서 시작하는 문자가 포함되어 있습니다. 이 문자는 현재 원본 문자 집합에서 잘못된 문자입니다(코드 페이지 65001).
  (소스 파일 'src/ModelManager.cpp'을(를) 컴파일하는 중)
  
C:\Users\visualnnz\Desktop\Projects\3D_Interior_Design_Simulation\3d-interior-design-simulation\src\InteriorStateManager.h(1,1): warning C4828: 파일에 0x65d 오프셋에서 시작하는 문자가 포함되어 있습니다. 이 문자는 현재 원본 문자 집합에서 잘못된 문자입니다(코드 페이지 65001).
  (소스 파일 'src/ModelManager.cpp'을(를) 컴파일하는 중)
  
C:\Users\visualnnz\Desktop\Projects\3D_Interior_Design_Simulation\3d-interior-design-simulation\src\InteriorStateManager.h(1,1): warning C4828: 파일에 0x65e 오프셋에서 시작하는 문자가 포함되어 있습니다. 이 문자는 현재 원본 문자 집합에서 잘못된 문자입니다(코드 페이지 65001).
  (소스 파일 'src/ModelManager.cpp'을(를) 컴파일하는 중)
  
C:\Users\visualnnz\Desktop\Projects\3D_Interior_Design_Simulation\3d-interior-design-simulation\src\InteriorStateManager.h(1,1): warning C4828: 파일에 0x660 오프셋에서 시작하는 문자가 포함되어 있습니다. 이 문자는 현재 원본 문자 집합에서 잘못된 문자입니다(코드 페이지 65001).
  (소스 파일 'src/ModelManager.cpp'을(를) 컴파일하는 중)
  
C:\Users\visualnnz\Desktop\Projects\3D_Interior_Design_Simulation\3d-interior-design-simulation\src\InteriorStateManager.h(1,1): warning C4828: 파일에 0x661 오프셋에서 시작하는 문자가 포함되어 있습니다. 이 문자는 현재 원본 문자 집합에서 잘못된 문자입니다(코드 페이지 65001).
  (소스 파일 'src/ModelManager.cpp'을(를) 컴파일하는 중)
  
C:\Users\visualnnz\Desktop\Projects\3D_Interior_Design_Simulation\3d-interior-design-simulation\src\InteriorStateManager.h(1,1): warning C4828: 파일에 0x665 오프셋에서 시작하는 문자가 포함되어 있습니다. 이 문자는 현재 원본 문자 집합에서 잘못된 문자입니다(코드 페이지 65001).
  (소스 파일 'src/ModelManager.cpp'을(를) 컴파일하는 중)
  
C:\Users\visualnnz\Desktop\Projects\3D_Interior_Design_Simulation\3d-interior-design-simulation\src\InteriorStateManager.h(1,1): warning C4828: 파일에 0x666 오프셋에서 시작하는 문자가 포함되어 있습니다. 이 문자는 현재 원본 문자 집합에서 잘못된 문자입니다(코드 페이지 65001).
  (소스 파일 'src/ModelManager.cpp'을(를) 컴파일하는 중)
  
C:\Users\visualnnz\Desktop\Projects\3D_Interior_Design_Simulation\3d-interior-design-simulation\src\InteriorStateManager.h(1,1): warning C4828: 파일에 0x667 오프셋에서 시작하는 문자가 포함되어 있습니다. 이 문자는 현재 원본 문자 집합에서 잘못된 문자입니다(코드 페이지 65001).
  (소스 파일 'src/ModelManager.cpp'을(를) 컴파일하는 중)
  
C:\Users\visualnnz\Desktop\Projects\3D_Interior_Design_Simulation\3d-interior-design-simulation\src\InteriorStateManager.h(1,1): warning C4828: 파일에 0x668 오프셋에서 시작하는 문자가 포함되어 있습니다. 이 문자는 현재 원본 문자 집합에서 잘못된 문자입니다(코드 페이지 65001).
  (소스 파일 'src/ModelManager.cpp'을(를) 컴파일하는 중)
  
C:\Users\visualnnz\Desktop\Projects\3D_Interior_Design_Simulation\3d-interior-design-simulation\src\InteriorStateManager.h(1,1): warning C4828: 파일에 0x70d 오프셋에서 시작하는 문자가 포함되어 있습니다. 이 문자는 현재 원본 문자 집합에서 잘못된 문자입니다(코드 페이지 65001).
  (소스 파일 'src/ModelManager.cpp'을(를) 컴파일하는 중)
  
C:\Users\visualnnz\Desktop\Projects\3D_Interior_Design_Simulation\3d-interior-design-simulation\src\InteriorStateManager.h(1,1): warning C4828: 파일에 0x70e 오프셋에서 시작하는 문자가 포함되어 있습니다. 이 문자는 현재 원본 문자 집합에서 잘못된 문자입니다(코드 페이지 65001).
  (소스 파일 'src/ModelManager.cpp'을(를) 컴파일하는 중)
  
C:\Users\visualnnz\Desktop\Projects\3D_Interior_Design_Simulation\3d-interior-design-simulation\src\InteriorStateManager.h(1,1): warning C4828: 파일에 0x712 오프셋에서 시작하는 문자가 포함되어 있습니다. 이 문자는 현재 원본 문자 집합에서 잘못된 문자입니다(코드 페이지 65001).
  (소스 파일 'src/ModelManager.cpp'을(를) 컴파일하는 중)
  
C:\Users\visualnnz\Desktop\Projects\3D_Interior_Design_Simulation\3d-interior-design-simulation\src\InteriorStateManager.h(1,1): warning C4828: 파일에 0x714 오프셋에서 시작하는 문자가 포함되어 있습니다. 이 문자는 현재 원본 문자 집합에서 잘못된 문자입니다(코드 페이지 65001).
  (소스 파일 'src/ModelManager.cpp'을(를) 컴파일하는 중)
  
C:\Users\visualnnz\Desktop\Projects\3D_Interior_Design_Simulation\3d-interior-design-simulation\src\InteriorStateManager.h(1,1): warning C4828: 파일에 0x717 오프셋에서 시작하는 문자가 포함되어 있습니다. 이 문자는 현재 원본 문자 집합에서 잘못된 문자입니다(코드 페이지 65001).
  (소스 파일 'src/ModelManager.cpp'을(를) 컴파일하는 중)
  
C:\Users\visualnnz\Desktop\Projects\3D_Interior_Design_Simulation\3d-interior-design-simulation\src\InteriorStateManager.h(1,1): warning C4828: 파일에 0x719 오프셋에서 시작하는 문자가 포함되어 있습니다. 이 문자는 현재 원본 문자 집합에서 잘못된 문자입니다(코드 페이지 65001).
  (소스 파일 'src/ModelManager.cpp'을(를) 컴파일하는 중)
  
C:\Users\visualnnz\Desktop\Projects\3D_Interior_Design_Simulation\3d-interior-design-simulation\src\InteriorStateManager.h(1,1): warning C4828: 파일에 0x71a 오프셋에서 시작하는 문자가 포함되어 있습니다. 이 문자는 현재 원본 문자 집합에서 잘못된 문자입니다(코드 페이지 65001).
  (소스 파일 'src/ModelManager.cpp'을(를) 컴파일하는 중)
  
C:\Users\visualnnz\Desktop\Projects\3D_Interior_Design_Simulation\3d-interior-design-simulation\src\InteriorStateManager.h(1,1): warning C4828: 파일에 0x7bb 오프셋에서 시작하는 문자가 포함되어 있습니다. 이 문자는 현재 원본 문자 집합에서 잘못된 문자입니다(코드 페이지 65001).
  (소스 파일 'src/ModelManager.cpp'을(를) 컴파일하는 중)
  
C:\Users\visualnnz\Desktop\Projects\3D_Interior_Design_Simulation\3d-interior-design-simulation\src\InteriorStateManager.h(1,1): warning C4828: 파일에 0x7bc 오프셋에서 시작하는 문자가 포함되어 있습니다. 이 문자는 현재 원본 문자 집합에서 잘못된 문자입니다(코드 페이지 65001).
  (소스 파일 'src/ModelManager.cpp'을(를) 컴파일하는 중)
  
C:\Users\visualnnz\Desktop\Projects\3D_Interior_Design_Simulation\3d-interior-design-simulation\src\InteriorStateManager.h(1,1): warning C4828: 파일에 0x7bd 오프셋에서 시작하는 문자가 포함되어 있습니다. 이 문자는 현재 원본 문자 집합에서 잘못된 문자입니다(코드 페이지 65001).
  (소스 파일 'src/ModelManager.cpp'을(를) 컴파일하는 중)
  
C:\Users\visualnnz\Desktop\Projects\3D_Interior_Design_Simulation\3d-interior-design-simulation\src\InteriorStateManager.h(1,1): warning C4828: 파일에 0x7be 오프셋에서 시작하는 문자가 포함되어 있습니다. 이 문자는 현재 원본 문자 집합에서 잘못된 문자입니다(코드 페이지 65001).
  (소스 파일 'src/ModelManager.cpp'을(를) 컴파일하는 중)
  
C:\Users\visualnnz\Desktop\Projects\3D_Interior_Design_Simulation\3d-interior-design-simulation\src\InteriorStateManager.h(1,1): warning C4828: 파일에 0x7c0 오프셋에서 시작하는 문자가 포함되어 있습니다. 이 문자는 현재 원본 문자 집합에서 잘못된 문자입니다(코드 페이지 65001).
  (소스 파일 'src/ModelManager.cpp'을(를) 컴파일하는 중)
  
C:\Users\visualnnz\Desktop\Projects\3D_Interior_Design_Simulation\3d-interior-design-simulation\src\InteriorStateManager.h(1,1): warning C4828: 파일에 0x7c2 오프셋에서 시작하는 문자가 포함되어 있습니다. 이 문자는 현재 원본 문자 집합에서 잘못된 문자입니다(코드 페이지 65001).
  (소스 파일 'src/ModelManager.cpp'을(를) 컴파일하는 중)
  
C:\Users\visualnnz\Desktop\Projects\3D_Interior_Design_Simulation\3d-interior-design-simulation\src\InteriorStateManager.h(1,1): warning C4828: 파일에 0x7c4 오프셋에서 시작하는 문자가 포함되어 있습니다. 이 문자는 현재 원본 문자 집합에서 잘못된 문자입니다(코드 페이지 65001).
  (소스 파일 'src/ModelManager.cpp'을(를) 컴파일하는 중)
  
C:\Users\visualnnz\Desktop\Projects\3D_Interior_Design_Simulation\3d-interior-design-simulation\src\InteriorStateManager.h(1,1): warning C4828: 파일에 0x7c5 오프셋에서 시작하는 문자가 포함되어 있습니다. 이 문자는 현재 원본 문자 집합에서 잘못된 문자입니다(코드 페이지 65001).
  (소스 파일 'src/ModelManager.cpp'을(를) 컴파일하는 중)
  
C:\Users\visualnnz\Desktop\Projects\3D_Interior_Design_Simulation\3d-interior-design-simulation\src\InteriorStateManager.h(1,1): warning C4828: 파일에 0x7c7 오프셋에서 시작하는 문자가 포함되어 있습니다. 이 문자는 현재 원본 문자 집합에서 잘못된 문자입니다(코드 페이지 65001).
  (소스 파일 'src/ModelManager.cpp'을(를) 컴파일하는 중)
  
C:\Users\visualnnz\Desktop\Projects\3D_Interior_Design_Simulation\3d-interior-design-simulation\src\InteriorStateManager.h(1,1): warning C4828: 파일에 0x7c9 오프셋에서 시작하는 문자가 포함되어 있습니다. 이 문자는 현재 원본 문자 집합에서 잘못된 문자입니다(코드 페이지 65001).
  (소스 파일 'src/ModelManager.cpp'을(를) 컴파일하는 중)
  
C:\Users\visualnnz\Desktop\Projects\3D_Interior_Design_Simulation\3d-interior-design-simulation\src\InteriorStateManager.h(1,1): warning C4828: 파일에 0x7ca 오프셋에서 시작하는 문자가 포함되어 있습니다. 이 문자는 현재 원본 문자 집합에서 잘못된 문자입니다(코드 페이지 65001).
  (소스 파일 'src/ModelManager.cpp'을(를) 컴파일하는 중)
  
C:\Users\visualnnz\Desktop\Projects\3D_Interior_Design_Simulation\3d-interior-design-simulation\src\InteriorStateManager.h(1,1): warning C4828: 파일에 0x7ce 오프셋에서 시작하는 문자가 포함되어 있습니다. 이 문자는 현재 원본 문자 집합에서 잘못된 문자입니다(코드 페이지 65001).
  (소스 파일 'src/ModelManager.cpp'을(를) 컴파일하는 중)
  
C:\Users\visualnnz\Desktop\Projects\3D_Interior_Design_Simulation\3d-interior-design-simulation\src\InteriorStateManager.h(1,1): warning C4828: 파일에 0x7d0 오프셋에서 시작하는 문자가 포함되어 있습니다. 이 문자는 현재 원본 문자 집합에서 잘못된 문자입니다(코드 페이지 65001).
  (소스 파일 'src/ModelManager.cpp'을(를) 컴파일하는 중)
  
C:\Users\visualnnz\Desktop\Projects\3D_Interior_Design_Simulation\3d-interior-design-simulation\src\InteriorStateManager.h(1,1): warning C4828: 파일에 0x7d1 오프셋에서 시작하는 문자가 포함되어 있습니다. 이 문자는 현재 원본 문자 집합에서 잘못된 문자입니다(코드 페이지 65001).
  (소스 파일 'src/ModelManager.cpp'을(를) 컴파일하는 중)
  
C:\Users\visualnnz\Desktop\Projects\3D_Interior_Design_Simulation\3d-interior-design-simulation\src\InteriorStateManager.h(1,1): warning C4828: 파일에 0xa71 오프셋에서 시작하는 문자가 포함되어 있습니다. 이 문자는 현재 원본 문자 집합에서 잘못된 문자입니다(코드 페이지 65001).
  (소스 파일 'src/ModelManager.cpp'을(를) 컴파일하는 중)
  
C:\Users\visualnnz\Desktop\Projects\3D_Interior_Design_Simulation\3d-interior-design-simulation\src\InteriorStateManager.h(1,1): warning C4828: 파일에 0xa73 오프셋에서 시작하는 문자가 포함되어 있습니다. 이 문자는 현재 원본 문자 집합에서 잘못된 문자입니다(코드 페이지 65001).
  (소스 파일 'src/ModelManager.cpp'을(를) 컴파일하는 중)
  
C:\Users\visualnnz\Desktop\Projects\3D_Interior_Design_Simulation\3d-interior-design-simulation\src\InteriorStateManager.h(1,1): warning C4828: 파일에 0xa76 오프셋에서 시작하는 문자가 포함되어 있습니다. 이 문자는 현재 원본 문자 집합에서 잘못된 문자입니다(코드 페이지 65001).
  (소스 파일 'src/ModelManager.cpp'을(를) 컴파일하는 중)
  
C:\Users\visualnnz\Desktop\Projects\3D_Interior_Design_Simulation\3d-interior-design-simulation\src\InteriorStateManager.h(1,1): warning C4828: 파일에 0xa78 오프셋에서 시작하는 문자가 포함되어 있습니다. 이 문자는 현재 원본 문자 집합에서 잘못된 문자입니다(코드 페이지 65001).
  (소스 파일 'src/ModelManager.cpp'을(를) 컴파일하는 중)
  
C:\Users\visualnnz\Desktop\Projects\3D_Interior_Design_Simulation\3d-interior-design-simulation\src\InteriorStateManager.h(1,1): warning C4828: 파일에 0xa79 오프셋에서 시작하는 문자가 포함되어 있습니다. 이 문자는 현재 원본 문자 집합에서 잘못된 문자입니다(코드 페이지 65001).
  (소스 파일 'src/ModelManager.cpp'을(를) 컴파일하는 중)
  
C:\Users\visualnnz\Desktop\Projects\3D_Interior_Design_Simulation\3d-interior-design-simulation\src\InteriorState.h(1,1): warning C4828: 파일에 0x6f 오프셋에서 시작하는 문자가 포함되어 있습니다. 이 문자는 현재 원본 문자 집합에서 잘못된 문자입니다(코드 페이지 65001).
  (소스 파일 'src/ModelManager.cpp'을(를) 컴파일하는 중)
  
C:\Users\visualnnz\Desktop\Projects\3D_Interior_Design_Simulation\3d-interior-design-simulation\src\InteriorState.h(1,1): warning C4828: 파일에 0x70 오프셋에서 시작하는 문자가 포함되어 있습니다. 이 문자는 현재 원본 문자 집합에서 잘못된 문자입니다(코드 페이지 65001).
  (소스 파일 'src/ModelManager.cpp'을(를) 컴파일하는 중)
  
C:\Users\visualnnz\Desktop\Projects\3D_Interior_Design_Simulation\3d-interior-design-simulation\src\InteriorState.h(1,1): warning C4828: 파일에 0x74 오프셋에서 시작하는 문자가 포함되어 있습니다. 이 문자는 현재 원본 문자 집합에서 잘못된 문자입니다(코드 페이지 65001).
  (소스 파일 'src/ModelManager.cpp'을(를) 컴파일하는 중)
  
C:\Users\visualnnz\Desktop\Projects\3D_Interior_Design_Simulation\3d-interior-design-simulation\src\InteriorState.h(1,1): warning C4828: 파일에 0x75 오프셋에서 시작하는 문자가 포함되어 있습니다. 이 문자는 현재 원본 문자 집합에서 잘못된 문자입니다(코드 페이지 65001).
  (소스 파일 'src/ModelManager.cpp'을(를) 컴파일하는 중)
  
C:\Users\visualnnz\Desktop\Projects\3D_Interior_Design_Simulation\3d-interior-design-simulation\src\InteriorState.h(1,1): warning C4828: 파일에 0x76 오프셋에서 시작하는 문자가 포함되어 있습니다. 이 문자는 현재 원본 문자 집합에서 잘못된 문자입니다(코드 페이지 65001).
  (소스 파일 'src/ModelManager.cpp'을(를) 컴파일하는 중)
  
C:\Users\visualnnz\Desktop\Projects\3D_Interior_Design_Simulation\3d-interior-design-simulation\src\InteriorState.h(1,1): warning C4828: 파일에 0x79 오프셋에서 시작하는 문자가 포함되어 있습니다. 이 문자는 현재 원본 문자 집합에서 잘못된 문자입니다(코드 페이지 65001).
  (소스 파일 'src/ModelManager.cpp'을(를) 컴파일하는 중)
  
C:\Users\visualnnz\Desktop\Projects\3D_Interior_Design_Simulation\3d-interior-design-simulation\src\InteriorState.h(1,1): warning C4828: 파일에 0x7d 오프셋에서 시작하는 문자가 포함되어 있습니다. 이 문자는 현재 원본 문자 집합에서 잘못된 문자입니다(코드 페이지 65001).
  (소스 파일 'src/ModelManager.cpp'을(를) 컴파일하는 중)
  
C:\Users\visualnnz\Desktop\Projects\3D_Interior_Design_Simulation\3d-interior-design-simulation\src\InteriorState.h(1,1): warning C4828: 파일에 0x7e 오프셋에서 시작하는 문자가 포함되어 있습니다. 이 문자는 현재 원본 문자 집합에서 잘못된 문자입니다(코드 페이지 65001).
  (소스 파일 'src/ModelManager.cpp'을(를) 컴파일하는 중)
  
C:\Users\visualnnz\Desktop\Projects\3D_Interior_Design_Simulation\3d-interior-design-simulation\src\InteriorState.h(1,1): warning C4828: 파일에 0x7f 오프셋에서 시작하는 문자가 포함되어 있습니다. 이 문자는 현재 원본 문자 집합에서 잘못된 문자입니다(코드 페이지 65001).
  (소스 파일 'src/ModelManager.cpp'을(를) 컴파일하는 중)
  
C:\Users\visualnnz\Desktop\Projects\3D_Interior_Design_Simulation\3d-interior-design-simulation\src\InteriorState.h(1,1): warning C4828: 파일에 0x80 오프셋에서 시작하는 문자가 포함되어 있습니다. 이 문자는 현재 원본 문자 집합에서 잘못된 문자입니다(코드 페이지 65001).
  (소스 파일 'src/ModelManager.cpp'을(를) 컴파일하는 중)
  
C:\Users\visualnnz\Desktop\Projects\3D_Interior_Design_Simulation\3d-interior-design-simulation\src\InteriorState.h(1,1): warning C4828: 파일에 0x84 오프셋에서 시작하는 문자가 포함되어 있습니다. 이 문자는 현재 원본 문자 집합에서 잘못된 문자입니다(코드 페이지 65001).
  (소스 파일 'src/ModelManager.cpp'을(를) 컴파일하는 중)
  
C:\Users\visualnnz\Desktop\Projects\3D_Interior_Design_Simulation\3d-interior-design-simulation\src\InteriorState.h(1,1): warning C4828: 파일에 0x85 오프셋에서 시작하는 문자가 포함되어 있습니다. 이 문자는 현재 원본 문자 집합에서 잘못된 문자입니다(코드 페이지 65001).
  (소스 파일 'src/ModelManager.cpp'을(를) 컴파일하는 중)
  
C:\Users\visualnnz\Desktop\Projects\3D_Interior_Design_Simulation\3d-interior-design-simulation\src\InteriorState.h(1,1): warning C4828: 파일에 0x86 오프셋에서 시작하는 문자가 포함되어 있습니다. 이 문자는 현재 원본 문자 집합에서 잘못된 문자입니다(코드 페이지 65001).
  (소스 파일 'src/ModelManager.cpp'을(를) 컴파일하는 중)
  
C:\Users\visualnnz\Desktop\Projects\3D_Interior_Design_Simulation\3d-interior-design-simulation\src\InteriorState.h(1,1): warning C4828: 파일에 0x89 오프셋에서 시작하는 문자가 포함되어 있습니다. 이 문자는 현재 원본 문자 집합에서 잘못된 문자입니다(코드 페이지 65001).
  (소스 파일 'src/ModelManager.cpp'을(를) 컴파일하는 중)
  
C:\Users\visualnnz\Desktop\Projects\3D_Interior_Design_Simulation\3d-interior-design-simulation\src\InteriorState.h(1,1): warning C4828: 파일에 0x8a 오프셋에서 시작하는 문자가 포함되어 있습니다. 이 문자는 현재 원본 문자 집합에서 잘못된 문자입니다(코드 페이지 65001).
  (소스 파일 'src/ModelManager.cpp'을(를) 컴파일하는 중)
  
C:\Users\visualnnz\Desktop\Projects\3D_Interior_Design_Simulation\3d-interior-design-simulation\src\InteriorState.h(1,1): warning C4828: 파일에 0x8b 오프셋에서 시작하는 문자가 포함되어 있습니다. 이 문자는 현재 원본 문자 집합에서 잘못된 문자입니다(코드 페이지 65001).
  (소스 파일 'src/ModelManager.cpp'을(를) 컴파일하는 중)
  
C:\Users\visualnnz\Desktop\Projects\3D_Interior_Design_Simulation\3d-interior-design-simulation\src\InteriorState.h(1,1): warning C4828: 파일에 0x8c 오프셋에서 시작하는 문자가 포함되어 있습니다. 이 문자는 현재 원본 문자 집합에서 잘못된 문자입니다(코드 페이지 65001).
  (소스 파일 'src/ModelManager.cpp'을(를) 컴파일하는 중)
  
C:\Users\visualnnz\Desktop\Projects\3D_Interior_Design_Simulation\3d-interior-design-simulation\src\InteriorState.h(1,1): warning C4828: 파일에 0x8f 오프셋에서 시작하는 문자가 포함되어 있습니다. 이 문자는 현재 원본 문자 집합에서 잘못된 문자입니다(코드 페이지 65001).
  (소스 파일 'src/ModelManager.cpp'을(를) 컴파일하는 중)
  
C:\Users\visualnnz\Desktop\Projects\3D_Interior_Design_Simulation\3d-interior-design-simulation\src\InteriorState.h(1,1): warning C4828: 파일에 0x90 오프셋에서 시작하는 문자가 포함되어 있습니다. 이 문자는 현재 원본 문자 집합에서 잘못된 문자입니다(코드 페이지 65001).
  (소스 파일 'src/ModelManager.cpp'을(를) 컴파일하는 중)
  
C:\Users\visualnnz\Desktop\Projects\3D_Interior_Design_Simulation\3d-interior-design-simulation\src\InteriorState.h(1,1): warning C4828: 파일에 0xb5 오프셋에서 시작하는 문자가 포함되어 있습니다. 이 문자는 현재 원본 문자 집합에서 잘못된 문자입니다(코드 페이지 65001).
  (소스 파일 'src/ModelManager.cpp'을(를) 컴파일하는 중)
  
C:\Users\visualnnz\Desktop\Projects\3D_Interior_Design_Simulation\3d-interior-design-simulation\src\InteriorState.h(1,1): warning C4828: 파일에 0xb6 오프셋에서 시작하는 문자가 포함되어 있습니다. 이 문자는 현재 원본 문자 집합에서 잘못된 문자입니다(코드 페이지 65001).
  (소스 파일 'src/ModelManager.cpp'을(를) 컴파일하는 중)
  
C:\Users\visualnnz\Desktop\Projects\3D_Interior_Design_Simulation\3d-interior-design-simulation\src\InteriorState.h(1,1): warning C4828: 파일에 0xba 오프셋에서 시작하는 문자가 포함되어 있습니다. 이 문자는 현재 원본 문자 집합에서 잘못된 문자입니다(코드 페이지 65001).
  (소스 파일 'src/ModelManager.cpp'을(를) 컴파일하는 중)
  
C:\Users\visualnnz\Desktop\Projects\3D_Interior_Design_Simulation\3d-interior-design-simulation\src\InteriorState.h(1,1): warning C4828: 파일에 0xbb 오프셋에서 시작하는 문자가 포함되어 있습니다. 이 문자는 현재 원본 문자 집합에서 잘못된 문자입니다(코드 페이지 65001).
  (소스 파일 'src/ModelManager.cpp'을(를) 컴파일하는 중)
  
C:\Users\visualnnz\Desktop\Projects\3D_Interior_Design_Simulation\3d-interior-design-simulation\src\InteriorState.h(1,1): warning C4828: 파일에 0xbc 오프셋에서 시작하는 문자가 포함되어 있습니다. 이 문자는 현재 원본 문자 집합에서 잘못된 문자입니다(코드 페이지 65001).
  (소스 파일 'src/ModelManager.cpp'을(를) 컴파일하는 중)
  
C:\Users\visualnnz\Desktop\Projects\3D_Interior_Design_Simulation\3d-interior-design-simulation\src\InteriorState.h(1,1): warning C4828: 파일에 0xbd 오프셋에서 시작하는 문자가 포함되어 있습니다. 이 문자는 현재 원본 문자 집합에서 잘못된 문자입니다(코드 페이지 65001).
  (소스 파일 'src/ModelManager.cpp'을(를) 컴파일하는 중)
  
C:\Users\visualnnz\Desktop\Projects\3D_Interior_Design_Simulation\3d-interior-design-simulation\src\InteriorState.h(1,1): warning C4828: 파일에 0xbf 오프셋에서 시작하는 문자가 포함되어 있습니다. 이 문자는 현재 원본 문자 집합에서 잘못된 문자입니다(코드 페이지 65001).
  (소스 파일 'src/ModelManager.cpp'을(를) 컴파일하는 중)
  
C:\Users\visualnnz\Desktop\Projects\3D_Interior_Design_Simulation\3d-interior-design-simulation\src\InteriorState.h(1,1): warning C4828: 파일에 0xc0 오프셋에서 시작하는 문자가 포함되어 있습니다. 이 문자는 현재 원본 문자 집합에서 잘못된 문자입니다(코드 페이지 65001).
  (소스 파일 'src/ModelManager.cpp'을(를) 컴파일하는 중)
  
C:\Users\visualnnz\Desktop\Projects\3D_Interior_Design_Simulation\3d-interior-design-simulation\src\InteriorState.h(1,1): warning C4828: 파일에 0xc1 오프셋에서 시작하는 문자가 포함되어 있습니다. 이 문자는 현재 원본 문자 집합에서 잘못된 문자입니다(코드 페이지 65001).
  (소스 파일 'src/ModelManager.cpp'을(를) 컴파일하는 중)
  
C:\Users\visualnnz\Desktop\Projects\3D_Interior_Design_Simulation\3d-interior-design-simulation\src\InteriorState.h(1,1): warning C4828: 파일에 0xc2 오프셋에서 시작하는 문자가 포함되어 있습니다. 이 문자는 현재 원본 문자 집합에서 잘못된 문자입니다(코드 페이지 65001).
  (소스 파일 'src/ModelManager.cpp'을(를) 컴파일하는 중)
  
C:\Users\visualnnz\Desktop\Projects\3D_Interior_Design_Simulation\3d-interior-design-simulation\src\InteriorState.h(1,1): warning C4828: 파일에 0x19d 오프셋에서 시작하는 문자가 포함되어 있습니다. 이 문자는 현재 원본 문자 집합에서 잘못된 문자입니다(코드 페이지 65001).
  (소스 파일 'src/ModelManager.cpp'을(를) 컴파일하는 중)
  
C:\Users\visualnnz\Desktop\Projects\3D_Interior_Design_Simulation\3d-interior-design-simulation\src\InteriorState.h(1,1): warning C4828: 파일에 0x19e 오프셋에서 시작하는 문자가 포함되어 있습니다. 이 문자는 현재 원본 문자 집합에서 잘못된 문자입니다(코드 페이지 65001).
  (소스 파일 'src/ModelManager.cpp'을(를) 컴파일하는 중)
  
C:\Users\visualnnz\Desktop\Projects\3D_Interior_Design_Simulation\3d-interior-design-simulation\src\InteriorState.h(1,1): warning C4828: 파일에 0x1a1 오프셋에서 시작하는 문자가 포함되어 있습니다. 이 문자는 현재 원본 문자 집합에서 잘못된 문자입니다(코드 페이지 65001).
  (소스 파일 'src/ModelManager.cpp'을(를) 컴파일하는 중)
  
C:\Users\visualnnz\Desktop\Projects\3D_Interior_Design_Simulation\3d-interior-design-simulation\src\InteriorState.h(1,1): warning C4828: 파일에 0x1a2 오프셋에서 시작하는 문자가 포함되어 있습니다. 이 문자는 현재 원본 문자 집합에서 잘못된 문자입니다(코드 페이지 65001).
  (소스 파일 'src/ModelManager.cpp'을(를) 컴파일하는 중)
  
C:\Users\visualnnz\Desktop\Projects\3D_Interior_Design_Simulation\3d-interior-design-simulation\src\InteriorState.h(1,1): warning C4828: 파일에 0x1a3 오프셋에서 시작하는 문자가 포함되어 있습니다. 이 문자는 현재 원본 문자 집합에서 잘못된 문자입니다(코드 페이지 65001).
  (소스 파일 'src/ModelManager.cpp'을(를) 컴파일하는 중)
  
C:\Users\visualnnz\Desktop\Projects\3D_Interior_Design_Simulation\3d-interior-design-simulation\src\InteriorState.h(1,1): warning C4828: 파일에 0x1a5 오프셋에서 시작하는 문자가 포함되어 있습니다. 이 문자는 현재 원본 문자 집합에서 잘못된 문자입니다(코드 페이지 65001).
  (소스 파일 'src/ModelManager.cpp'을(를) 컴파일하는 중)
  
C:\Users\visualnnz\Desktop\Projects\3D_Interior_Design_Simulation\3d-interior-design-simulation\src\InteriorState.h(1,1): warning C4828: 파일에 0x1a6 오프셋에서 시작하는 문자가 포함되어 있습니다. 이 문자는 현재 원본 문자 집합에서 잘못된 문자입니다(코드 페이지 65001).
  (소스 파일 'src/ModelManager.cpp'을(를) 컴파일하는 중)
  
C:\Users\visualnnz\Desktop\Projects\3D_Interior_Design_Simulation\3d-interior-design-simulation\src\InteriorState.h(1,1): warning C4828: 파일에 0x1a7 오프셋에서 시작하는 문자가 포함되어 있습니다. 이 문자는 현재 원본 문자 집합에서 잘못된 문자입니다(코드 페이지 65001).
  (소스 파일 'src/ModelManager.cpp'을(를) 컴파일하는 중)
  
C:\Users\visualnnz\Desktop\Projects\3D_Interior_Design_Simulation\3d-interior-design-simulation\src\InteriorState.h(1,1): warning C4828: 파일에 0x1a8 오프셋에서 시작하는 문자가 포함되어 있습니다. 이 문자는 현재 원본 문자 집합에서 잘못된 문자입니다(코드 페이지 65001).
  (소스 파일 'src/ModelManager.cpp'을(를) 컴파일하는 중)
  
C:\Users\visualnnz\Desktop\Projects\3D_Interior_Design_Simulation\3d-interior-design-simulation\src\InteriorState.h(1,1): warning C4828: 파일에 0x285 오프셋에서 시작하는 문자가 포함되어 있습니다. 이 문자는 현재 원본 문자 집합에서 잘못된 문자입니다(코드 페이지 65001).
  (소스 파일 'src/ModelManager.cpp'을(를) 컴파일하는 중)
  
C:\Users\visualnnz\Desktop\Projects\3D_Interior_Design_Simulation\3d-interior-design-simulation\src\InteriorState.h(1,1): warning C4828: 파일에 0x286 오프셋에서 시작하는 문자가 포함되어 있습니다. 이 문자는 현재 원본 문자 집합에서 잘못된 문자입니다(코드 페이지 65001).
  (소스 파일 'src/ModelManager.cpp'을(를) 컴파일하는 중)
  
C:\Users\visualnnz\Desktop\Projects\3D_Interior_Design_Simulation\3d-interior-design-simulation\src\InteriorState.h(1,1): warning C4828: 파일에 0x287 오프셋에서 시작하는 문자가 포함되어 있습니다. 이 문자는 현재 원본 문자 집합에서 잘못된 문자입니다(코드 페이지 65001).
  (소스 파일 'src/ModelManager.cpp'을(를) 컴파일하는 중)
  
C:\Users\visualnnz\Desktop\Projects\3D_Interior_Design_Simulation\3d-interior-design-simulation\src\InteriorState.h(1,1): warning C4828: 파일에 0x288 오프셋에서 시작하는 문자가 포함되어 있습니다. 이 문자는 현재 원본 문자 집합에서 잘못된 문자입니다(코드 페이지 65001).
  (소스 파일 'src/ModelManager.cpp'을(를) 컴파일하는 중)
  
C:\Users\visualnnz\Desktop\Projects\3D_Interior_Design_Simulation\3d-interior-design-simulation\src\InteriorState.h(1,1): warning C4828: 파일에 0x28b 오프셋에서 시작하는 문자가 포함되어 있습니다. 이 문자는 현재 원본 문자 집합에서 잘못된 문자입니다(코드 페이지 65001).
  (소스 파일 'src/ModelManager.cpp'을(를) 컴파일하는 중)
  
C:\Users\visualnnz\Desktop\Projects\3D_Interior_Design_Simulation\3d-interior-design-simulation\src\InteriorState.h(1,1): warning C4828: 파일에 0x28c 오프셋에서 시작하는 문자가 포함되어 있습니다. 이 문자는 현재 원본 문자 집합에서 잘못된 문자입니다(코드 페이지 65001).
  (소스 파일 'src/ModelManager.cpp'을(를) 컴파일하는 중)
  
C:\Users\visualnnz\Desktop\Projects\3D_Interior_Design_Simulation\3d-interior-design-simulation\src\InteriorState.h(1,1): warning C4828: 파일에 0x28d 오프셋에서 시작하는 문자가 포함되어 있습니다. 이 문자는 현재 원본 문자 집합에서 잘못된 문자입니다(코드 페이지 65001).
  (소스 파일 'src/ModelManager.cpp'을(를) 컴파일하는 중)
  
C:\Users\visualnnz\Desktop\Projects\3D_Interior_Design_Simulation\3d-interior-design-simulation\src\InteriorState.h(1,1): warning C4828: 파일에 0x28f 오프셋에서 시작하는 문자가 포함되어 있습니다. 이 문자는 현재 원본 문자 집합에서 잘못된 문자입니다(코드 페이지 65001).
  (소스 파일 'src/ModelManager.cpp'을(를) 컴파일하는 중)
  
C:\Users\visualnnz\Desktop\Projects\3D_Interior_Design_Simulation\3d-interior-design-simulation\src\InteriorState.h(1,1): warning C4828: 파일에 0x290 오프셋에서 시작하는 문자가 포함되어 있습니다. 이 문자는 현재 원본 문자 집합에서 잘못된 문자입니다(코드 페이지 65001).
  (소스 파일 'src/ModelManager.cpp'을(를) 컴파일하는 중)
  
C:\Users\visualnnz\Desktop\Projects\3D_Interior_Design_Simulation\3d-interior-design-simulation\src\InteriorState.h(1,1): warning C4828: 파일에 0x291 오프셋에서 시작하는 문자가 포함되어 있습니다. 이 문자는 현재 원본 문자 집합에서 잘못된 문자입니다(코드 페이지 65001).
  (소스 파일 'src/ModelManager.cpp'을(를) 컴파일하는 중)
  
C:\Users\visualnnz\Desktop\Projects\3D_Interior_Design_Simulation\3d-interior-design-simulation\src\InteriorState.h(1,1): warning C4828: 파일에 0x292 오프셋에서 시작하는 문자가 포함되어 있습니다. 이 문자는 현재 원본 문자 집합에서 잘못된 문자입니다(코드 페이지 65001).
  (소스 파일 'src/ModelManager.cpp'을(를) 컴파일하는 중)
  
C:\Users\visualnnz\Desktop\Projects\3D_Interior_Design_Simulation\3d-interior-design-simulation\src\InteriorState.h(1,1): warning C4828: 파일에 0x3a2 오프셋에서 시작하는 문자가 포함되어 있습니다. 이 문자는 현재 원본 문자 집합에서 잘못된 문자입니다(코드 페이지 65001).
  (소스 파일 'src/ModelManager.cpp'을(를) 컴파일하는 중)
  
C:\Users\visualnnz\Desktop\Projects\3D_Interior_Design_Simulation\3d-interior-design-simulation\src\InteriorState.h(1,1): warning C4828: 파일에 0x3a5 오프셋에서 시작하는 문자가 포함되어 있습니다. 이 문자는 현재 원본 문자 집합에서 잘못된 문자입니다(코드 페이지 65001).
  (소스 파일 'src/ModelManager.cpp'을(를) 컴파일하는 중)
  
C:\Users\visualnnz\Desktop\Projects\3D_Interior_Design_Simulation\3d-interior-design-simulation\src\InteriorState.h(1,1): warning C4828: 파일에 0x3a9 오프셋에서 시작하는 문자가 포함되어 있습니다. 이 문자는 현재 원본 문자 집합에서 잘못된 문자입니다(코드 페이지 65001).
  (소스 파일 'src/ModelManager.cpp'을(를) 컴파일하는 중)
  
C:\Users\visualnnz\Desktop\Projects\3D_Interior_Design_Simulation\3d-interior-design-simulation\src\InteriorState.h(1,1): warning C4828: 파일에 0x3aa 오프셋에서 시작하는 문자가 포함되어 있습니다. 이 문자는 현재 원본 문자 집합에서 잘못된 문자입니다(코드 페이지 65001).
  (소스 파일 'src/ModelManager.cpp'을(를) 컴파일하는 중)
  
C:\Users\visualnnz\Desktop\Projects\3D_Interior_Design_Simulation\3d-interior-design-simulation\src\InteriorState.h(1,1): warning C4828: 파일에 0x3ac 오프셋에서 시작하는 문자가 포함되어 있습니다. 이 문자는 현재 원본 문자 집합에서 잘못된 문자입니다(코드 페이지 65001).
  (소스 파일 'src/ModelManager.cpp'을(를) 컴파일하는 중)
  
C:\Users\visualnnz\Desktop\Projects\3D_Interior_Design_Simulation\3d-interior-design-simulation\src\InteriorState.h(1,1): warning C4828: 파일에 0x3ad 오프셋에서 시작하는 문자가 포함되어 있습니다. 이 문자는 현재 원본 문자 집합에서 잘못된 문자입니다(코드 페이지 65001).
  (소스 파일 'src/ModelManager.cpp'을(를) 컴파일하는 중)
  
C:\Users\visualnnz\Desktop\Projects\3D_Interior_Design_Simulation\3d-interior-design-simulation\src\InteriorState.h(1,1): warning C4828: 파일에 0x3ae 오프셋에서 시작하는 문자가 포함되어 있습니다. 이 문자는 현재 원본 문자 집합에서 잘못된 문자입니다(코드 페이지 65001).
  (소스 파일 'src/ModelManager.cpp'을(를) 컴파일하는 중)
  
C:\Users\visualnnz\Desktop\Projects\3D_Interior_Design_Simulation\3d-interior-design-simulation\src\InteriorState.h(1,1): warning C4828: 파일에 0x3af 오프셋에서 시작하는 문자가 포함되어 있습니다. 이 문자는 현재 원본 문자 집합에서 잘못된 문자입니다(코드 페이지 65001).
  (소스 파일 'src/ModelManager.cpp'을(를) 컴파일하는 중)
  
C:\Users\visualnnz\Desktop\Projects\3D_Interior_Design_Simulation\3d-interior-design-simulation\src\InteriorState.h(1,1): warning C4828: 파일에 0x475 오프셋에서 시작하는 문자가 포함되어 있습니다. 이 문자는 현재 원본 문자 집합에서 잘못된 문자입니다(코드 페이지 65001).
  (소스 파일 'src/ModelManager.cpp'을(를) 컴파일하는 중)
  
C:\Users\visualnnz\Desktop\Projects\3D_Interior_Design_Simulation\3d-interior-design-simulation\src\InteriorState.h(1,1): warning C4828: 파일에 0x476 오프셋에서 시작하는 문자가 포함되어 있습니다. 이 문자는 현재 원본 문자 집합에서 잘못된 문자입니다(코드 페이지 65001).
  (소스 파일 'src/ModelManager.cpp'을(를) 컴파일하는 중)
  
C:\Users\visualnnz\Desktop\Projects\3D_Interior_Design_Simulation\3d-interior-design-simulation\src\InteriorState.h(1,1): warning C4828: 파일에 0x47a 오프셋에서 시작하는 문자가 포함되어 있습니다. 이 문자는 현재 원본 문자 집합에서 잘못된 문자입니다(코드 페이지 65001).
  (소스 파일 'src/ModelManager.cpp'을(를) 컴파일하는 중)
  
C:\Users\visualnnz\Desktop\Projects\3D_Interior_Design_Simulation\3d-interior-design-simulation\src\InteriorState.h(1,1): warning C4828: 파일에 0x47b 오프셋에서 시작하는 문자가 포함되어 있습니다. 이 문자는 현재 원본 문자 집합에서 잘못된 문자입니다(코드 페이지 65001).
  (소스 파일 'src/ModelManager.cpp'을(를) 컴파일하는 중)
  
C:\Users\visualnnz\Desktop\Projects\3D_Interior_Design_Simulation\3d-interior-design-simulation\src\InteriorState.h(1,1): warning C4828: 파일에 0x47f 오프셋에서 시작하는 문자가 포함되어 있습니다. 이 문자는 현재 원본 문자 집합에서 잘못된 문자입니다(코드 페이지 65001).
  (소스 파일 'src/ModelManager.cpp'을(를) 컴파일하는 중)
  
C:\Users\visualnnz\Desktop\Projects\3D_Interior_Design_Simulation\3d-interior-design-simulation\src\InteriorState.h(1,1): warning C4828: 파일에 0x480 오프셋에서 시작하는 문자가 포함되어 있습니다. 이 문자는 현재 원본 문자 집합에서 잘못된 문자입니다(코드 페이지 65001).
  (소스 파일 'src/ModelManager.cpp'을(를) 컴파일하는 중)
  
C:\Users\visualnnz\Desktop\Projects\3D_Interior_Design_Simulation\3d-interior-design-simulation\src\InteriorState.h(1,1): warning C4828: 파일에 0x481 오프셋에서 시작하는 문자가 포함되어 있습니다. 이 문자는 현재 원본 문자 집합에서 잘못된 문자입니다(코드 페이지 65001).
  (소스 파일 'src/ModelManager.cpp'을(를) 컴파일하는 중)
  
C:\Users\visualnnz\Desktop\Projects\3D_Interior_Design_Simulation\3d-interior-design-simulation\src\InteriorState.h(1,1): warning C4828: 파일에 0x484 오프셋에서 시작하는 문자가 포함되어 있습니다. 이 문자는 현재 원본 문자 집합에서 잘못된 문자입니다(코드 페이지 65001).
  (소스 파일 'src/ModelManager.cpp'을(를) 컴파일하는 중)
  
  main.cpp
C:\Users\visualnnz\Desktop\Projects\3D_Interior_Design_Simulation\3d-interior-design-simulation\resource.h(1,1): warning C4828: 파일에 0x94 오프셋에서 시작하는 문자가 포함되어 있습니다. 이 문자는 현재 원본 문자 집합에서 잘못된 문자입니다(코드 페이지 65001).
  (소스 파일 'src/main.cpp'을(를) 컴파일하는 중)
  
C:\Users\visualnnz\Desktop\Projects\3D_Interior_Design_Simulation\3d-interior-design-simulation\resource.h(1,1): warning C4828: 파일에 0x95 오프셋에서 시작하는 문자가 포함되어 있습니다. 이 문자는 현재 원본 문자 집합에서 잘못된 문자입니다(코드 페이지 65001).
  (소스 파일 'src/main.cpp'을(를) 컴파일하는 중)
  
C:\Users\visualnnz\Desktop\Projects\3D_Interior_Design_Simulation\3d-interior-design-simulation\resource.h(1,1): warning C4828: 파일에 0x97 오프셋에서 시작하는 문자가 포함되어 있습니다. 이 문자는 현재 원본 문자 집합에서 잘못된 문자입니다(코드 페이지 65001).
  (소스 파일 'src/main.cpp'을(를) 컴파일하는 중)
  
C:\Users\visualnnz\Desktop\Projects\3D_Interior_Design_Simulation\3d-interior-design-simulation\resource.h(1,1): warning C4828: 파일에 0x98 오프셋에서 시작하는 문자가 포함되어 있습니다. 이 문자는 현재 원본 문자 집합에서 잘못된 문자입니다(코드 페이지 65001).
  (소스 파일 'src/main.cpp'을(를) 컴파일하는 중)
  
C:\Users\visualnnz\Desktop\Projects\3D_Interior_Design_Simulation\3d-interior-design-simulation\resource.h(1,1): warning C4828: 파일에 0x99 오프셋에서 시작하는 문자가 포함되어 있습니다. 이 문자는 현재 원본 문자 집합에서 잘못된 문자입니다(코드 페이지 65001).
  (소스 파일 'src/main.cpp'을(를) 컴파일하는 중)
  
C:\Users\visualnnz\Desktop\Projects\3D_Interior_Design_Simulation\3d-interior-design-simulation\resource.h(1,1): warning C4828: 파일에 0x9b 오프셋에서 시작하는 문자가 포함되어 있습니다. 이 문자는 현재 원본 문자 집합에서 잘못된 문자입니다(코드 페이지 65001).
  (소스 파일 'src/main.cpp'을(를) 컴파일하는 중)
  
C:\Users\visualnnz\Desktop\Projects\3D_Interior_Design_Simulation\3d-interior-design-simulation\resource.h(1,1): warning C4828: 파일에 0x9c 오프셋에서 시작하는 문자가 포함되어 있습니다. 이 문자는 현재 원본 문자 집합에서 잘못된 문자입니다(코드 페이지 65001).
  (소스 파일 'src/main.cpp'을(를) 컴파일하는 중)
  
C:\Users\visualnnz\Desktop\Projects\3D_Interior_Design_Simulation\3d-interior-design-simulation\resource.h(1,1): warning C4828: 파일에 0xa2 오프셋에서 시작하는 문자가 포함되어 있습니다. 이 문자는 현재 원본 문자 집합에서 잘못된 문자입니다(코드 페이지 65001).
  (소스 파일 'src/main.cpp'을(를) 컴파일하는 중)
  
C:\Users\visualnnz\Desktop\Projects\3D_Interior_Design_Simulation\3d-interior-design-simulation\resource.h(1,1): warning C4828: 파일에 0xa3 오프셋에서 시작하는 문자가 포함되어 있습니다. 이 문자는 현재 원본 문자 집합에서 잘못된 문자입니다(코드 페이지 65001).
  (소스 파일 'src/main.cpp'을(를) 컴파일하는 중)
  
C:\Users\visualnnz\Desktop\Projects\3D_Interior_Design_Simulation\3d-interior-design-simulation\resource.h(1,1): warning C4828: 파일에 0xa5 오프셋에서 시작하는 문자가 포함되어 있습니다. 이 문자는 현재 원본 문자 집합에서 잘못된 문자입니다(코드 페이지 65001).
  (소스 파일 'src/main.cpp'을(를) 컴파일하는 중)
  
C:\Users\visualnnz\Desktop\Projects\3D_Interior_Design_Simulation\3d-interior-design-simulation\resource.h(1,1): warning C4828: 파일에 0xa6 오프셋에서 시작하는 문자가 포함되어 있습니다. 이 문자는 현재 원본 문자 집합에서 잘못된 문자입니다(코드 페이지 65001).
  (소스 파일 'src/main.cpp'을(를) 컴파일하는 중)
  
C:\Users\visualnnz\Desktop\Projects\3D_Interior_Design_Simulation\3d-interior-design-simulation\resource.h(1,1): warning C4828: 파일에 0xa9 오프셋에서 시작하는 문자가 포함되어 있습니다. 이 문자는 현재 원본 문자 집합에서 잘못된 문자입니다(코드 페이지 65001).
  (소스 파일 'src/main.cpp'을(를) 컴파일하는 중)
  
C:\Users\visualnnz\Desktop\Projects\3D_Interior_Design_Simulation\3d-interior-design-simulation\resource.h(1,1): warning C4828: 파일에 0xac 오프셋에서 시작하는 문자가 포함되어 있습니다. 이 문자는 현재 원본 문자 집합에서 잘못된 문자입니다(코드 페이지 65001).
  (소스 파일 'src/main.cpp'을(를) 컴파일하는 중)
  
C:\Users\visualnnz\Desktop\Projects\3D_Interior_Design_Simulation\3d-interior-design-simulation\resource.h(1,1): warning C4828: 파일에 0xb0 오프셋에서 시작하는 문자가 포함되어 있습니다. 이 문자는 현재 원본 문자 집합에서 잘못된 문자입니다(코드 페이지 65001).
  (소스 파일 'src/main.cpp'을(를) 컴파일하는 중)
  
C:\Users\visualnnz\Desktop\Projects\3D_Interior_Design_Simulation\3d-interior-design-simulation\resource.h(1,1): warning C4828: 파일에 0xb1 오프셋에서 시작하는 문자가 포함되어 있습니다. 이 문자는 현재 원본 문자 집합에서 잘못된 문자입니다(코드 페이지 65001).
  (소스 파일 'src/main.cpp'을(를) 컴파일하는 중)
  
C:\Users\visualnnz\Desktop\Projects\3D_Interior_Design_Simulation\3d-interior-design-simulation\resource.h(1,1): warning C4828: 파일에 0xb2 오프셋에서 시작하는 문자가 포함되어 있습니다. 이 문자는 현재 원본 문자 집합에서 잘못된 문자입니다(코드 페이지 65001).
  (소스 파일 'src/main.cpp'을(를) 컴파일하는 중)
  
C:\Users\visualnnz\Desktop\Projects\3D_Interior_Design_Simulation\3d-interior-design-simulation\resource.h(1,1): warning C4828: 파일에 0xb7 오프셋에서 시작하는 문자가 포함되어 있습니다. 이 문자는 현재 원본 문자 집합에서 잘못된 문자입니다(코드 페이지 65001).
  (소스 파일 'src/main.cpp'을(를) 컴파일하는 중)
  
  코드를 생성하고 있습니다...
  InteriorDesignSimulation.vcxproj -> C:\Users\visualnnz\Desktop\Projects\3D_Interior_Design_Simulation\3d-interior-design-simulation\bin\x64\Debug\InteriorDesignSimulation.exe
  'pwsh.exe'은(는) 내부 또는 외부 명령, 실행할 수 있는 프로그램, 또는
  배치 파일이 아닙니다.
