  main.cpp
C:\Users\visualnnz\Desktop\Projects\3D_Interior_Design_Simulation\3d-interior-design-simulation\resource.h(1,1): warning C4828: 파일에 0x94 오프셋에서 시작하는 문자가 포함되어 있습니다. 이 문자는 현재 원본 문자 집합에서 잘못된 문자입니다(코드 페이지 65001).
  (소스 파일 'src/main.cpp'을(를) 컴파일하는 중)
  
C:\Users\visualnnz\Desktop\Projects\3D_Interior_Design_Simulation\3d-interior-design-simulation\resource.h(1,1): warning C4828: 파일에 0x95 오프셋에서 시작하는 문자가 포함되어 있습니다. 이 문자는 현재 원본 문자 집합에서 잘못된 문자입니다(코드 페이지 65001).
  (소스 파일 'src/main.cpp'을(를) 컴파일하는 중)
  
C:\Users\visualnnz\Desktop\Projects\3D_Interior_Design_Simulation\3d-interior-design-simulation\resource.h(1,1): warning C4828: 파일에 0x97 오프셋에서 시작하는 문자가 포함되어 있습니다. 이 문자는 현재 원본 문자 집합에서 잘못된 문자입니다(코드 페이지 65001).
  (소스 파일 'src/main.cpp'을(를) 컴파일하는 중)
  
C:\Users\visualnnz\Desktop\Projects\3D_Interior_Design_Simulation\3d-interior-design-simulation\resource.h(1,1): warning C4828: 파일에 0x98 오프셋에서 시작하는 문자가 포함되어 있습니다. 이 문자는 현재 원본 문자 집합에서 잘못된 문자입니다(코드 페이지 65001).
  (소스 파일 'src/main.cpp'을(를) 컴파일하는 중)
  
C:\Users\visualnnz\Desktop\Projects\3D_Interior_Design_Simulation\3d-interior-design-simulation\resource.h(1,1): warning C4828: 파일에 0x99 오프셋에서 시작하는 문자가 포함되어 있습니다. 이 문자는 현재 원본 문자 집합에서 잘못된 문자입니다(코드 페이지 65001).
  (소스 파일 'src/main.cpp'을(를) 컴파일하는 중)
  
C:\Users\visualnnz\Desktop\Projects\3D_Interior_Design_Simulation\3d-interior-design-simulation\resource.h(1,1): warning C4828: 파일에 0x9b 오프셋에서 시작하는 문자가 포함되어 있습니다. 이 문자는 현재 원본 문자 집합에서 잘못된 문자입니다(코드 페이지 65001).
  (소스 파일 'src/main.cpp'을(를) 컴파일하는 중)
  
C:\Users\visualnnz\Desktop\Projects\3D_Interior_Design_Simulation\3d-interior-design-simulation\resource.h(1,1): warning C4828: 파일에 0x9c 오프셋에서 시작하는 문자가 포함되어 있습니다. 이 문자는 현재 원본 문자 집합에서 잘못된 문자입니다(코드 페이지 65001).
  (소스 파일 'src/main.cpp'을(를) 컴파일하는 중)
  
C:\Users\visualnnz\Desktop\Projects\3D_Interior_Design_Simulation\3d-interior-design-simulation\resource.h(1,1): warning C4828: 파일에 0xa2 오프셋에서 시작하는 문자가 포함되어 있습니다. 이 문자는 현재 원본 문자 집합에서 잘못된 문자입니다(코드 페이지 65001).
  (소스 파일 'src/main.cpp'을(를) 컴파일하는 중)
  
C:\Users\visualnnz\Desktop\Projects\3D_Interior_Design_Simulation\3d-interior-design-simulation\resource.h(1,1): warning C4828: 파일에 0xa3 오프셋에서 시작하는 문자가 포함되어 있습니다. 이 문자는 현재 원본 문자 집합에서 잘못된 문자입니다(코드 페이지 65001).
  (소스 파일 'src/main.cpp'을(를) 컴파일하는 중)
  
C:\Users\visualnnz\Desktop\Projects\3D_Interior_Design_Simulation\3d-interior-design-simulation\resource.h(1,1): warning C4828: 파일에 0xa5 오프셋에서 시작하는 문자가 포함되어 있습니다. 이 문자는 현재 원본 문자 집합에서 잘못된 문자입니다(코드 페이지 65001).
  (소스 파일 'src/main.cpp'을(를) 컴파일하는 중)
  
C:\Users\visualnnz\Desktop\Projects\3D_Interior_Design_Simulation\3d-interior-design-simulation\resource.h(1,1): warning C4828: 파일에 0xa6 오프셋에서 시작하는 문자가 포함되어 있습니다. 이 문자는 현재 원본 문자 집합에서 잘못된 문자입니다(코드 페이지 65001).
  (소스 파일 'src/main.cpp'을(를) 컴파일하는 중)
  
C:\Users\visualnnz\Desktop\Projects\3D_Interior_Design_Simulation\3d-interior-design-simulation\resource.h(1,1): warning C4828: 파일에 0xa9 오프셋에서 시작하는 문자가 포함되어 있습니다. 이 문자는 현재 원본 문자 집합에서 잘못된 문자입니다(코드 페이지 65001).
  (소스 파일 'src/main.cpp'을(를) 컴파일하는 중)
  
C:\Users\visualnnz\Desktop\Projects\3D_Interior_Design_Simulation\3d-interior-design-simulation\resource.h(1,1): warning C4828: 파일에 0xac 오프셋에서 시작하는 문자가 포함되어 있습니다. 이 문자는 현재 원본 문자 집합에서 잘못된 문자입니다(코드 페이지 65001).
  (소스 파일 'src/main.cpp'을(를) 컴파일하는 중)
  
C:\Users\visualnnz\Desktop\Projects\3D_Interior_Design_Simulation\3d-interior-design-simulation\resource.h(1,1): warning C4828: 파일에 0xb0 오프셋에서 시작하는 문자가 포함되어 있습니다. 이 문자는 현재 원본 문자 집합에서 잘못된 문자입니다(코드 페이지 65001).
  (소스 파일 'src/main.cpp'을(를) 컴파일하는 중)
  
C:\Users\visualnnz\Desktop\Projects\3D_Interior_Design_Simulation\3d-interior-design-simulation\resource.h(1,1): warning C4828: 파일에 0xb1 오프셋에서 시작하는 문자가 포함되어 있습니다. 이 문자는 현재 원본 문자 집합에서 잘못된 문자입니다(코드 페이지 65001).
  (소스 파일 'src/main.cpp'을(를) 컴파일하는 중)
  
C:\Users\visualnnz\Desktop\Projects\3D_Interior_Design_Simulation\3d-interior-design-simulation\resource.h(1,1): warning C4828: 파일에 0xb2 오프셋에서 시작하는 문자가 포함되어 있습니다. 이 문자는 현재 원본 문자 집합에서 잘못된 문자입니다(코드 페이지 65001).
  (소스 파일 'src/main.cpp'을(를) 컴파일하는 중)
  
C:\Users\visualnnz\Desktop\Projects\3D_Interior_Design_Simulation\3d-interior-design-simulation\resource.h(1,1): warning C4828: 파일에 0xb7 오프셋에서 시작하는 문자가 포함되어 있습니다. 이 문자는 현재 원본 문자 집합에서 잘못된 문자입니다(코드 페이지 65001).
  (소스 파일 'src/main.cpp'을(를) 컴파일하는 중)
  
  코드를 생성하고 있습니다.
  4 of 8333 functions (<0.1%) were compiled, the rest were copied from previous compilation.
    0 functions were new in current compilation
    25 functions had inline decision re-evaluated but remain unchanged
  코드를 생성했습니다.
  InteriorDesignSimulation.vcxproj -> C:\Users\visualnnz\Desktop\Projects\3D_Interior_Design_Simulation\3d-interior-design-simulation\bin\x64\Release\InteriorDesignSimulation.exe
  'pwsh.exe'은(는) 내부 또는 외부 명령, 실행할 수 있는 프로그램, 또는
  배치 파일이 아닙니다.
