c:\users\visualnnz\desktop\projects\3d_interior_design_simulation\3d-interior-design-simulation\build\interior.5086f9be\x64\debug\vc143.pdb
c:\users\visualnnz\desktop\projects\3d_interior_design_simulation\3d-interior-design-simulation\build\interior.5086f9be\x64\debug\vc143.idb
c:\users\visualnnz\desktop\projects\3d_interior_design_simulation\3d-interior-design-simulation\build\interior.5086f9be\x64\debug\uimanager.obj
c:\users\visualnnz\desktop\projects\3d_interior_design_simulation\3d-interior-design-simulation\build\interior.5086f9be\x64\debug\scenemanager.obj
c:\users\visualnnz\desktop\projects\3d_interior_design_simulation\3d-interior-design-simulation\build\interior.5086f9be\x64\debug\scene.obj
c:\users\visualnnz\desktop\projects\3d_interior_design_simulation\3d-interior-design-simulation\build\interior.5086f9be\x64\debug\interiorobject.obj
c:\users\visualnnz\desktop\projects\3d_interior_design_simulation\3d-interior-design-simulation\build\interior.5086f9be\x64\debug\main.obj
c:\users\visualnnz\desktop\projects\3d_interior_design_simulation\3d-interior-design-simulation\build\interior.5086f9be\x64\debug\inputmanager.obj
c:\users\visualnnz\desktop\projects\3d_interior_design_simulation\3d-interior-design-simulation\build\interior.5086f9be\x64\debug\texture.obj
c:\users\visualnnz\desktop\projects\3d_interior_design_simulation\3d-interior-design-simulation\build\interior.5086f9be\x64\debug\shader.obj
c:\users\visualnnz\desktop\projects\3d_interior_design_simulation\3d-interior-design-simulation\build\interior.5086f9be\x64\debug\renderer.obj
c:\users\visualnnz\desktop\projects\3d_interior_design_simulation\3d-interior-design-simulation\build\interior.5086f9be\x64\debug\mesh.obj
c:\users\visualnnz\desktop\projects\3d_interior_design_simulation\3d-interior-design-simulation\build\interior.5086f9be\x64\debug\material.obj
c:\users\visualnnz\desktop\projects\3d_interior_design_simulation\3d-interior-design-simulation\build\interior.5086f9be\x64\debug\timer.obj
c:\users\visualnnz\desktop\projects\3d_interior_design_simulation\3d-interior-design-simulation\build\interior.5086f9be\x64\debug\mainapp.obj
c:\users\visualnnz\desktop\projects\3d_interior_design_simulation\3d-interior-design-simulation\build\interior.5086f9be\x64\debug\appbase.obj
c:\users\visualnnz\desktop\projects\3d_interior_design_simulation\3d-interior-design-simulation\build\interior.5086f9be\x64\debug\transform.obj
c:\users\visualnnz\desktop\projects\3d_interior_design_simulation\3d-interior-design-simulation\build\interior.5086f9be\x64\debug\meshrenderer.obj
c:\users\visualnnz\desktop\projects\3d_interior_design_simulation\3d-interior-design-simulation\build\interior.5086f9be\x64\debug\light.obj
c:\users\visualnnz\desktop\projects\3d_interior_design_simulation\3d-interior-design-simulation\build\interior.5086f9be\x64\debug\objectpicker.obj
c:\users\visualnnz\desktop\projects\3d_interior_design_simulation\3d-interior-design-simulation\build\interior.5086f9be\x64\debug\modelloader.obj
c:\users\visualnnz\desktop\projects\3d_interior_design_simulation\3d-interior-design-simulation\build\interior.5086f9be\x64\debug\camera.obj
c:\users\visualnnz\desktop\projects\3d_interior_design_simulation\3d-interior-design-simulation\build\interior.5086f9be\x64\debug\character.obj
c:\users\visualnnz\desktop\projects\3d_interior_design_simulation\3d-interior-design-simulation\bin\x64\debug\basicpixelshader.cso
c:\users\visualnnz\desktop\projects\3d_interior_design_simulation\3d-interior-design-simulation\bin\x64\debug\basicvertexshader.cso
c:\users\visualnnz\desktop\projects\3d_interior_design_simulation\3d-interior-design-simulation\bin\x64\debug\assimp-vc143-mtd.dll
c:\users\visualnnz\desktop\projects\3d_interior_design_simulation\3d-interior-design-simulation\bin\x64\debug\poly2tri.dll
c:\users\visualnnz\desktop\projects\3d_interior_design_simulation\3d-interior-design-simulation\bin\x64\debug\minizip.dll
c:\users\visualnnz\desktop\projects\3d_interior_design_simulation\3d-interior-design-simulation\bin\x64\debug\zlibd1.dll
c:\users\visualnnz\desktop\projects\3d_interior_design_simulation\3d-interior-design-simulation\bin\x64\debug\pugixml.dll
c:\users\visualnnz\desktop\projects\3d_interior_design_simulation\3d-interior-design-simulation\bin\x64\debug\interiordesignsimulation.exe
c:\users\visualnnz\desktop\projects\3d_interior_design_simulation\3d-interior-design-simulation\bin\x64\debug\interiordesignsimulation.pdb
c:\users\visualnnz\desktop\projects\3d_interior_design_simulation\3d-interior-design-simulation\build\interior.5086f9be\x64\debug\interiordesignsimulation.res
c:\users\visualnnz\desktop\projects\3d_interior_design_simulation\3d-interior-design-simulation\build\interior.5086f9be\x64\debug\interiordesignsimulation.ilk
c:\users\visualnnz\desktop\projects\3d_interior_design_simulation\3d-interior-design-simulation\build\interior.5086f9be\x64\debug\interior.5086f9be.tlog\cl.command.1.tlog
c:\users\visualnnz\desktop\projects\3d_interior_design_simulation\3d-interior-design-simulation\build\interior.5086f9be\x64\debug\interior.5086f9be.tlog\cl.items.tlog
c:\users\visualnnz\desktop\projects\3d_interior_design_simulation\3d-interior-design-simulation\build\interior.5086f9be\x64\debug\interior.5086f9be.tlog\cl.read.1.tlog
c:\users\visualnnz\desktop\projects\3d_interior_design_simulation\3d-interior-design-simulation\build\interior.5086f9be\x64\debug\interior.5086f9be.tlog\cl.write.1.tlog
c:\users\visualnnz\desktop\projects\3d_interior_design_simulation\3d-interior-design-simulation\build\interior.5086f9be\x64\debug\interior.5086f9be.tlog\fxc.command.1.tlog
c:\users\visualnnz\desktop\projects\3d_interior_design_simulation\3d-interior-design-simulation\build\interior.5086f9be\x64\debug\interior.5086f9be.tlog\fxc.read.1.tlog
c:\users\visualnnz\desktop\projects\3d_interior_design_simulation\3d-interior-design-simulation\build\interior.5086f9be\x64\debug\interior.5086f9be.tlog\fxc.write.1.tlog
c:\users\visualnnz\desktop\projects\3d_interior_design_simulation\3d-interior-design-simulation\build\interior.5086f9be\x64\debug\interior.5086f9be.tlog\interiordesignsimulation.write.1u.tlog
c:\users\visualnnz\desktop\projects\3d_interior_design_simulation\3d-interior-design-simulation\build\interior.5086f9be\x64\debug\interior.5086f9be.tlog\link.command.1.tlog
c:\users\visualnnz\desktop\projects\3d_interior_design_simulation\3d-interior-design-simulation\build\interior.5086f9be\x64\debug\interior.5086f9be.tlog\link.read.1.tlog
c:\users\visualnnz\desktop\projects\3d_interior_design_simulation\3d-interior-design-simulation\build\interior.5086f9be\x64\debug\interior.5086f9be.tlog\link.secondary.1.tlog
c:\users\visualnnz\desktop\projects\3d_interior_design_simulation\3d-interior-design-simulation\build\interior.5086f9be\x64\debug\interior.5086f9be.tlog\link.write.1.tlog
c:\users\visualnnz\desktop\projects\3d_interior_design_simulation\3d-interior-design-simulation\build\interior.5086f9be\x64\debug\interior.5086f9be.tlog\rc.command.1.tlog
c:\users\visualnnz\desktop\projects\3d_interior_design_simulation\3d-interior-design-simulation\build\interior.5086f9be\x64\debug\interior.5086f9be.tlog\rc.read.1.tlog
c:\users\visualnnz\desktop\projects\3d_interior_design_simulation\3d-interior-design-simulation\build\interior.5086f9be\x64\debug\interior.5086f9be.tlog\rc.write.1.tlog
